<?xml version="1.0" encoding="UTF-8"?>
<!-- Generated by org.testng.reporters.JUnitXMLReporter -->
<testsuite ignored="5" hostname="DESKTOP-5L4MN2L" failures="0" tests="3" name="FunctionalTest(Edge)" time="10.84" errors="0" timestamp="2023-04-25T02:53:02 IST">
  <testcase classname="test.VerifyLoginFunctionality" name="verifyCustomerShouldBeAbledToAddMultipleProduct" time="0.0">
    <skipped/>
  </testcase> <!-- verifyCustomerShouldBeAbledToAddMultipleProduct -->
  <testcase classname="test.VerifyLoginFunctionality" name="verifyIfCustomerAbleToPlaceAnOrder" time="0.0">
    <skipped/>
  </testcase> <!-- verifyIfCustomerAbleToPlaceAnOrder -->
  <testcase classname="test.VerifyLoginFunctionality" name="verifyCustomerShouldBeAbledToaddProductInTheCart" time="0.0">
    <skipped/>
  </testcase> <!-- verifyCustomerShouldBeAbledToaddProductInTheCart -->
  <testcase classname="test.VerifyLoginFunctionality" name="verifyLoginFunctionalityWithLockedUser" time="0.0">
    <ignored/>
  </testcase> <!-- verifyLoginFunctionalityWithLockedUser -->
  <testcase classname="test.VerifyLoginFunctionality" name="verifyLoginWithProblemUser" time="0.0">
    <ignored/>
  </testcase> <!-- verifyLoginWithProblemUser -->
  <testcase classname="test.VerifyLoginFunctionality" name="verifyLoginWithPerformanceGlitchUser" time="0.0">
    <ignored/>
  </testcase> <!-- verifyLoginWithPerformanceGlitchUser -->
  <testcase classname="test.VerifyLoginFunctionality" name="verifyLoginFunctionalityWithStandardUser" time="0.0">
    <ignored/>
  </testcase> <!-- verifyLoginFunctionalityWithStandardUser -->
  <testcase classname="test.VerifyLoginFunctionality" name="VerifyIfCustomerIsAbleToRemoveProductFromCart" time="0.0">
    <ignored/>
  </testcase> <!-- VerifyIfCustomerIsAbleToRemoveProductFromCart -->
</testsuite> <!-- FunctionalTest(Edge) -->
