<?xml version="1.0" encoding="UTF-8"?>
<!-- Generated by org.testng.reporters.JUnitXMLReporter -->
<testsuite ignored="0" hostname="DESKTOP-5L4MN2L" failures="1" tests="1" name="Test" time="4.655" errors="0" timestamp="2023-04-24T16:55:37 IST">
  <testcase classname="test.VerifyLoginFunctionality" name="verifyLoginFunctionality" time="0.035">
    <failure type="org.testng.internal.reflect.MethodMatcherException" message="
[public void test.VerifyLoginFunctionality.verifyLoginFunctionality()] has no parameters defined but was found to be using a data provider (either explicitly specified or inherited from class level annotation).
Data provider mismatch
Method: verifyLoginFunctionality([])
Arguments: [(java.lang.String) standard_user,(java.lang.String) secret_sauce]">
      <![CDATA[org.testng.internal.reflect.MethodMatcherException: 
[public void test.VerifyLoginFunctionality.verifyLoginFunctionality()] has no parameters defined but was found to be using a data provider (either explicitly specified or inherited from class level annotation).
Data provider mismatch
Method: verifyLoginFunctionality([])
Arguments: [(java.lang.String) standard_user,(java.lang.String) secret_sauce]
at java.base/java.util.ArrayList.forEach(ArrayList.java:1511)
... Removed 22 stack frames]]>
    </failure>
  </testcase> <!-- verifyLoginFunctionality -->
</testsuite> <!-- Test -->
